<?xml version="1.0" encoding="UTF-8"?>
<!-- Generated by org.testng.reporters.JUnitReportReporter -->
<testsuite hostname="LAPTOP-5BPOHLHL" failures="0" tests="4" name="principal.ExcelMostruoTests" time="1.069" errors="0" timestamp="2025-04-30T09:24:28 PET" skipped="0">
  <testcase classname="principal.ExcelMostruoTests" name="cuartoTest" time="0.108"/>
  <testcase classname="principal.ExcelMostruoTests" name="primerTest" time="0.053"/>
  <testcase classname="principal.ExcelMostruoTests" name="tercerTest" time="0.043"/>
  <testcase classname="principal.ExcelMostruoTests" name="segundoTest" time="0.865"/>
</testsuite> <!-- principal.ExcelMostruoTests -->
